Flow report for ROBOCOL_FINAL
Tue Mar  9 12:57:24 2021
Quartus Prime Version 19.1.0 Build 670 09/22/2019 SJ Lite Edition


---------------------
; Table of Contents ;
---------------------
  1. Legal Notice
  2. Flow Summary
  3. Flow Settings
  4. Flow Non-Default Global Settings
  5. Flow Elapsed Time
  6. Flow OS Summary
  7. Flow Log
  8. Flow Messages
  9. Flow Suppressed Messages



----------------
; Legal Notice ;
----------------
Copyright (C) 2019  Intel Corporation. All rights reserved.
Your use of Intel Corporation's design tools, logic functions 
and other software and tools, and any partner logic 
functions, and any output files from any of the foregoing 
(including device programming or simulation files), and any 
associated documentation or information are expressly subject 
to the terms and conditions of the Intel Program License 
Subscription Agreement, the Intel Quartus Prime License Agreement,
the Intel FPGA IP License Agreement, or other applicable license
agreement, including, without limitation, that your use is for
the sole purpose of programming logic devices manufactured by
Intel and sold by Intel or its authorized distributors.  Please
refer to the applicable agreement for further details, at
https://fpgasoftware.intel.com/eula.



+-------------------------------------------------------------------------------+
; Flow Summary                                                                  ;
+---------------------------------+---------------------------------------------+
; Flow Status                     ; Successful - Tue Mar  9 12:56:05 2021       ;
; Quartus Prime Version           ; 19.1.0 Build 670 09/22/2019 SJ Lite Edition ;
; Revision Name                   ; ROBOCOL_FINAL                               ;
; Top-level Entity Name           ; ROBOCOL_FINAL                               ;
; Family                          ; Cyclone V                                   ;
; Device                          ; 5CSEMA4U23C6                                ;
; Timing Models                   ; Final                                       ;
; Logic utilization (in ALMs)     ; 9,748 / 15,880 ( 61 % )                     ;
; Total registers                 ; 3358                                        ;
; Total pins                      ; 110 / 314 ( 35 % )                          ;
; Total virtual pins              ; 0                                           ;
; Total block memory bits         ; 0 / 2,764,800 ( 0 % )                       ;
; Total DSP Blocks                ; 18 / 84 ( 21 % )                            ;
; Total HSSI RX PCSs              ; 0                                           ;
; Total HSSI PMA RX Deserializers ; 0                                           ;
; Total HSSI TX PCSs              ; 0                                           ;
; Total HSSI PMA TX Serializers   ; 0                                           ;
; Total PLLs                      ; 0 / 5 ( 0 % )                               ;
; Total DLLs                      ; 0 / 4 ( 0 % )                               ;
+---------------------------------+---------------------------------------------+


+-----------------------------------------+
; Flow Settings                           ;
+-------------------+---------------------+
; Option            ; Setting             ;
+-------------------+---------------------+
; Start date & time ; 03/09/2021 12:46:31 ;
; Main task         ; Compilation         ;
; Revision Name     ; ROBOCOL_FINAL       ;
+-------------------+---------------------+


+-------------------------------------------------------------------------------------------------------------------------+
; Flow Non-Default Global Settings                                                                                        ;
+-------------------------------------+----------------------------------------+---------------+-------------+------------+
; Assignment Name                     ; Value                                  ; Default Value ; Entity Name ; Section Id ;
+-------------------------------------+----------------------------------------+---------------+-------------+------------+
; COMPILER_SIGNATURE_ID               ; 136865873081886.161531199105311        ; --            ; --          ; --         ;
; MAX_CORE_JUNCTION_TEMP              ; 85                                     ; --            ; --          ; --         ;
; MIN_CORE_JUNCTION_TEMP              ; 0                                      ; --            ; --          ; --         ;
; PARTITION_COLOR                     ; -- (Not supported for targeted family) ; --            ; --          ; Top        ;
; PARTITION_FITTER_PRESERVATION_LEVEL ; -- (Not supported for targeted family) ; --            ; --          ; Top        ;
; PARTITION_NETLIST_TYPE              ; -- (Not supported for targeted family) ; --            ; --          ; Top        ;
; POWER_BOARD_THERMAL_MODEL           ; None (CONSERVATIVE)                    ; --            ; --          ; --         ;
; POWER_PRESET_COOLING_SOLUTION       ; 23 MM HEAT SINK WITH 200 LFPM AIRFLOW  ; --            ; --          ; --         ;
+-------------------------------------+----------------------------------------+---------------+-------------+------------+


+--------------------------------------------------------------------------------------------------------------------------+
; Flow Elapsed Time                                                                                                        ;
+----------------------+--------------+-------------------------+---------------------+------------------------------------+
; Module Name          ; Elapsed Time ; Average Processors Used ; Peak Virtual Memory ; Total CPU Time (on all processors) ;
+----------------------+--------------+-------------------------+---------------------+------------------------------------+
; Analysis & Synthesis ; 00:00:43     ; 1.0                     ; 1135 MB             ; 00:01:01                           ;
; Fitter               ; 00:08:30     ; 1.3                     ; 2144 MB             ; 00:16:42                           ;
; Assembler            ; 00:00:11     ; 1.0                     ; 1113 MB             ; 00:00:10                           ;
; Timing Analyzer      ; 00:01:18     ; 1.8                     ; 1359 MB             ; 00:02:13                           ;
; Total                ; 00:10:42     ; --                      ; --                  ; 00:20:06                           ;
+----------------------+--------------+-------------------------+---------------------+------------------------------------+


+----------------------------------------------------------------------------------------+
; Flow OS Summary                                                                        ;
+----------------------+------------------+----------------+------------+----------------+
; Module Name          ; Machine Hostname ; OS Name        ; OS Version ; Processor type ;
+----------------------+------------------+----------------+------------+----------------+
; Analysis & Synthesis ; franz-pc         ; Ubuntu 18.04.5 ; 18         ; x86_64         ;
; Fitter               ; franz-pc         ; Ubuntu 18.04.5 ; 18         ; x86_64         ;
; Assembler            ; franz-pc         ; Ubuntu 18.04.5 ; 18         ; x86_64         ;
; Timing Analyzer      ; franz-pc         ; Ubuntu 18.04.5 ; 18         ; x86_64         ;
+----------------------+------------------+----------------+------------+----------------+


------------
; Flow Log ;
------------
quartus_map --read_settings_files=on --write_settings_files=off ROBOCOL_FINAL -c ROBOCOL_FINAL
quartus_fit --read_settings_files=off --write_settings_files=off ROBOCOL_FINAL -c ROBOCOL_FINAL
quartus_asm --read_settings_files=off --write_settings_files=off ROBOCOL_FINAL -c ROBOCOL_FINAL
quartus_sta ROBOCOL_FINAL -c ROBOCOL_FINAL



